0 info it worked if it ends with ok
1 verbose cli [ '/home/ubuntu/.nvm/versions/node/v4.4.5/bin/node',
1 verbose cli   '/home/ubuntu/.nvm/versions/node/v4.4.5/bin/npm',
1 verbose cli   'install' ]
2 info using npm@2.15.5
3 info using node@v4.4.5
4 verbose readDependencies loading dependencies from /home/ubuntu/workspace/www/package.json
5 error install Couldn't read dependencies
6 verbose stack Error: Invalid name: "Weather app"
6 verbose stack     at ensureValidName (/home/ubuntu/.nvm/versions/node/v4.4.5/lib/node_modules/npm/node_modules/normalize-package-data/lib/fixer.js:336:15)
6 verbose stack     at Object.module.exports.fixNameField (/home/ubuntu/.nvm/versions/node/v4.4.5/lib/node_modules/npm/node_modules/normalize-package-data/lib/fixer.js:215:5)
6 verbose stack     at /home/ubuntu/.nvm/versions/node/v4.4.5/lib/node_modules/npm/node_modules/normalize-package-data/lib/normalize.js:32:38
6 verbose stack     at Array.forEach (native)
6 verbose stack     at normalize (/home/ubuntu/.nvm/versions/node/v4.4.5/lib/node_modules/npm/node_modules/normalize-package-data/lib/normalize.js:31:15)
6 verbose stack     at final (/home/ubuntu/.nvm/versions/node/v4.4.5/lib/node_modules/npm/node_modules/read-package-json/read-json.js:349:5)
6 verbose stack     at then (/home/ubuntu/.nvm/versions/node/v4.4.5/lib/node_modules/npm/node_modules/read-package-json/read-json.js:124:5)
6 verbose stack     at ReadFileContext.<anonymous> (/home/ubuntu/.nvm/versions/node/v4.4.5/lib/node_modules/npm/node_modules/read-package-json/read-json.js:295:20)
6 verbose stack     at ReadFileContext.callback (/home/ubuntu/.nvm/versions/node/v4.4.5/lib/node_modules/npm/node_modules/graceful-fs/graceful-fs.js:78:16)
6 verbose stack     at FSReqWrap.readFileAfterOpen [as oncomplete] (fs.js:303:13)
7 verbose cwd /home/ubuntu/workspace/www
8 error Linux 4.2.0-c9
9 error argv "/home/ubuntu/.nvm/versions/node/v4.4.5/bin/node" "/home/ubuntu/.nvm/versions/node/v4.4.5/bin/npm" "install"
10 error node v4.4.5
11 error npm  v2.15.5
12 error Invalid name: "Weather app"
13 error If you need help, you may report this error at:
13 error     <https://github.com/npm/npm/issues>
14 verbose exit [ 1, true ]
